<?xml version="1.0" encoding="UTF-8"?>
<testsuite name="com.acver.springBoot_study.web.PostsApiControllerTest" tests="2" skipped="0" failures="0" errors="0" timestamp="2022-01-27T06:36:53" hostname="Acvers-MacBookPro.local" time="0.173">
  <properties/>
  <testcase name="Posts_등록된다" classname="com.acver.springBoot_study.web.PostsApiControllerTest" time="0.141"/>
  <testcase name="Posts_수정된다" classname="com.acver.springBoot_study.web.PostsApiControllerTest" time="0.031"/>
  <system-out><![CDATA[2022-01-27 15:36:53.748  INFO 2213 --- [    Test worker] .b.t.c.SpringBootTestContextBootstrapper : Neither @ContextConfiguration nor @ContextHierarchy found for test class [com.acver.springBoot_study.web.PostsApiControllerTest], using SpringBootContextLoader
2022-01-27 15:36:53.749  INFO 2213 --- [    Test worker] o.s.t.c.support.AbstractContextLoader    : Could not detect default resource locations for test class [com.acver.springBoot_study.web.PostsApiControllerTest]: no resource found for suffixes {-context.xml, Context.groovy}.
2022-01-27 15:36:53.749  INFO 2213 --- [    Test worker] t.c.s.AnnotationConfigContextLoaderUtils : Could not detect default configuration classes for test class [com.acver.springBoot_study.web.PostsApiControllerTest]: PostsApiControllerTest does not declare any static, non-private, non-final, nested classes annotated with @Configuration.
2022-01-27 15:36:53.750  INFO 2213 --- [    Test worker] .b.t.c.SpringBootTestContextBootstrapper : Found @SpringBootConfiguration com.acver.springBoot_study.Application for test class com.acver.springBoot_study.web.PostsApiControllerTest
2022-01-27 15:36:53.751  INFO 2213 --- [    Test worker] .b.t.c.SpringBootTestContextBootstrapper : Loaded default TestExecutionListener class names from location [META-INF/spring.factories]: [org.springframework.security.test.context.support.WithSecurityContextTestExecutionListener, org.springframework.security.test.context.support.ReactorContextTestExecutionListener, org.springframework.boot.test.autoconfigure.restdocs.RestDocsTestExecutionListener, org.springframework.boot.test.autoconfigure.web.client.MockRestServiceServerResetTestExecutionListener, org.springframework.boot.test.autoconfigure.web.servlet.MockMvcPrintOnlyOnFailureTestExecutionListener, org.springframework.boot.test.autoconfigure.web.servlet.WebDriverTestExecutionListener, org.springframework.boot.test.mock.mockito.MockitoTestExecutionListener, org.springframework.boot.test.mock.mockito.ResetMocksTestExecutionListener, org.springframework.test.context.web.ServletTestExecutionListener, org.springframework.test.context.support.DirtiesContextBeforeModesTestExecutionListener, org.springframework.test.context.support.DependencyInjectionTestExecutionListener, org.springframework.test.context.support.DirtiesContextTestExecutionListener, org.springframework.test.context.transaction.TransactionalTestExecutionListener, org.springframework.test.context.jdbc.SqlScriptsTestExecutionListener]
2022-01-27 15:36:53.752  INFO 2213 --- [    Test worker] .b.t.c.SpringBootTestContextBootstrapper : Using TestExecutionListeners: [org.springframework.test.context.web.ServletTestExecutionListener@6ac35577, org.springframework.test.context.support.DirtiesContextBeforeModesTestExecutionListener@46daf440, org.springframework.boot.test.mock.mockito.MockitoTestExecutionListener@6c8755e4, org.springframework.boot.test.autoconfigure.SpringBootDependencyInjectionTestExecutionListener@38837e80, org.springframework.test.context.support.DirtiesContextTestExecutionListener@489bec0a, org.springframework.test.context.transaction.TransactionalTestExecutionListener@59f279ad, org.springframework.test.context.jdbc.SqlScriptsTestExecutionListener@f0c3f02, org.springframework.security.test.context.support.WithSecurityContextTestExecutionListener@2cd8371d, org.springframework.security.test.context.support.ReactorContextTestExecutionListener@3b346530, org.springframework.boot.test.autoconfigure.restdocs.RestDocsTestExecutionListener@71415cea, org.springframework.boot.test.autoconfigure.web.client.MockRestServiceServerResetTestExecutionListener@1fdb99ef, org.springframework.boot.test.autoconfigure.web.servlet.MockMvcPrintOnlyOnFailureTestExecutionListener@72d635d6, org.springframework.boot.test.autoconfigure.web.servlet.WebDriverTestExecutionListener@6ad3d359, org.springframework.boot.test.mock.mockito.ResetMocksTestExecutionListener@118e64e5]
2022-01-27 15:36:53.759  INFO 2213 --- [    Test worker] o.a.c.c.C.[Tomcat].[localhost].[/]       : Initializing Spring TestDispatcherServlet ''
2022-01-27 15:36:53.759  INFO 2213 --- [    Test worker] o.s.t.web.servlet.TestDispatcherServlet  : Initializing Servlet ''
2022-01-27 15:36:53.762  INFO 2213 --- [    Test worker] o.s.t.web.servlet.TestDispatcherServlet  : Completed initialization in 3 ms
Hibernate: insert into posts (created_date, modified_date, author, content, title) values (?, ?, ?, ?, ?)
Hibernate: select posts0_.id as id1_0_, posts0_.created_date as created_2_0_, posts0_.modified_date as modified3_0_, posts0_.author as author4_0_, posts0_.content as content5_0_, posts0_.title as title6_0_ from posts posts0_
Hibernate: select posts0_.id as id1_0_, posts0_.created_date as created_2_0_, posts0_.modified_date as modified3_0_, posts0_.author as author4_0_, posts0_.content as content5_0_, posts0_.title as title6_0_ from posts posts0_
Hibernate: delete from posts where id=?
2022-01-27 15:36:53.898  INFO 2213 --- [    Test worker] o.a.c.c.C.[Tomcat].[localhost].[/]       : Initializing Spring TestDispatcherServlet ''
2022-01-27 15:36:53.898  INFO 2213 --- [    Test worker] o.s.t.web.servlet.TestDispatcherServlet  : Initializing Servlet ''
2022-01-27 15:36:53.901  INFO 2213 --- [    Test worker] o.s.t.web.servlet.TestDispatcherServlet  : Completed initialization in 3 ms
Hibernate: insert into posts (created_date, modified_date, author, content, title) values (?, ?, ?, ?, ?)
Hibernate: select posts0_.id as id1_0_0_, posts0_.created_date as created_2_0_0_, posts0_.modified_date as modified3_0_0_, posts0_.author as author4_0_0_, posts0_.content as content5_0_0_, posts0_.title as title6_0_0_ from posts posts0_ where posts0_.id=?
Hibernate: update posts set created_date=?, modified_date=?, author=?, content=?, title=? where id=?
Hibernate: select posts0_.id as id1_0_, posts0_.created_date as created_2_0_, posts0_.modified_date as modified3_0_, posts0_.author as author4_0_, posts0_.content as content5_0_, posts0_.title as title6_0_ from posts posts0_
Hibernate: select posts0_.id as id1_0_, posts0_.created_date as created_2_0_, posts0_.modified_date as modified3_0_, posts0_.author as author4_0_, posts0_.content as content5_0_, posts0_.title as title6_0_ from posts posts0_
Hibernate: delete from posts where id=?
]]></system-out>
  <system-err><![CDATA[]]></system-err>
</testsuite>
